
--------------------------------------------------------------------------------------------
Test:  tests/test_google_maps.py::TestCreatePlace::test_create_new_place (call)
Time:  2024-02-29 17:07:53.508230
Request method:  POST
Request URL:  https://rahulshettyacademy.com/maps/api/place/add/json?key=qaclick123

Response code:  200
Response text:  {
    "status": "OK",
    "place_id": "6eb662131907bc923562afbd63e78d55",
    "scope": "APP",
    "reference": "0fbd4dab01a2aa5c7b947973d78903290fbd4dab01a2aa5c7b947973d7890329",
    "id": "0fbd4dab01a2aa5c7b947973d7890329"
}
Response headers:  {'Date': 'Thu, 29 Feb 2024 12:07:52 GMT', 'Server': 'Apache/2.4.52 (Ubuntu)', 'Access-Control-Allow-Origin': '*', 'Access-Control-Allow-Methods': 'POST', 'Access-Control-Max-Age': '3600', 'Access-Control-Allow-Headers': 'Content-Type, Access-Control-Allow-Headers, Authorization, X-Requested-With', 'Content-Length': '194', 'Keep-Alive': 'timeout=5, max=100', 'Connection': 'Keep-Alive', 'Content-Type': 'application/json;charset=UTF-8'}
Response cookies:  {}
--------------------------------------------------------------------------------------------

--------------------------------------------------------------------------------------------
Test:  tests/test_google_maps.py::TestCreatePlace::test_create_new_place (call)
Time:  2024-02-29 17:07:54.342482
Request method:  GET
Request URL:  https://rahulshettyacademy.com/maps/api/place/get/json?key=qaclick123&place_id=6eb662131907bc923562afbd63e78d55

Response code:  200
Response text:  {
    "location": {
        "latitude": "-38.383494",
        "longitude": "33.427362"
    },
    "accuracy": "50",
    "name": "Frontline house",
    "phone_number": "(+91) 983 893 3937",
    "address": "29, side layout, cohen 09",
    "types": "shoe park,shop",
    "website": "http://google.com",
    "language": "French-IN"
}
Response headers:  {'Date': 'Thu, 29 Feb 2024 12:07:53 GMT', 'Server': 'Apache/2.4.52 (Ubuntu)', 'Access-Control-Allow-Origin': '*', 'Access-Control-Allow-Methods': 'POST', 'Access-Control-Max-Age': '3600', 'Access-Control-Allow-Headers': 'Content-Type, Access-Control-Allow-Headers, Authorization, X-Requested-With', 'Content-Length': '257', 'Keep-Alive': 'timeout=5, max=100', 'Connection': 'Keep-Alive', 'Content-Type': 'application/json;charset=UTF-8'}
Response cookies:  {}
--------------------------------------------------------------------------------------------

--------------------------------------------------------------------------------------------
Test:  tests/test_google_maps.py::TestCreatePlace::test_create_new_place (call)
Time:  2024-02-29 17:07:55.700085
Request method:  PUT
Request URL:  https://rahulshettyacademy.com/maps/api/place/update/json?key=qaclick123

Response code:  200
Response text:  {
    "msg": "Address successfully updated"
}
Response headers:  {'Date': 'Thu, 29 Feb 2024 12:07:55 GMT', 'Server': 'Apache/2.4.52 (Ubuntu)', 'Access-Control-Allow-Origin': '*', 'Access-Control-Allow-Methods': 'POST', 'Access-Control-Max-Age': '3600', 'Access-Control-Allow-Headers': 'Content-Type, Access-Control-Allow-Headers, Authorization, X-Requested-With', 'Content-Length': '38', 'Keep-Alive': 'timeout=5, max=100', 'Connection': 'Keep-Alive', 'Content-Type': 'application/json;charset=UTF-8'}
Response cookies:  {}
--------------------------------------------------------------------------------------------

--------------------------------------------------------------------------------------------
Test:  tests/test_google_maps.py::TestCreatePlace::test_create_new_place (call)
Time:  2024-02-29 17:07:57.849005
Request method:  GET
Request URL:  https://rahulshettyacademy.com/maps/api/place/get/json?key=qaclick123&place_id=6eb662131907bc923562afbd63e78d55

Response code:  200
Response text:  {
    "location": {
        "latitude": "-38.383494",
        "longitude": "33.427362"
    },
    "accuracy": "50",
    "name": "Frontline house",
    "phone_number": "(+91) 983 893 3937",
    "address": "100 Lenina street, RU (Updated)",
    "types": "shoe park,shop",
    "website": "http://google.com",
    "language": "French-IN"
}
Response headers:  {'Date': 'Thu, 29 Feb 2024 12:07:57 GMT', 'Server': 'Apache/2.4.52 (Ubuntu)', 'Access-Control-Allow-Origin': '*', 'Access-Control-Allow-Methods': 'POST', 'Access-Control-Max-Age': '3600', 'Access-Control-Allow-Headers': 'Content-Type, Access-Control-Allow-Headers, Authorization, X-Requested-With', 'Content-Length': '263', 'Keep-Alive': 'timeout=5, max=100', 'Connection': 'Keep-Alive', 'Content-Type': 'application/json;charset=UTF-8'}
Response cookies:  {}
--------------------------------------------------------------------------------------------

--------------------------------------------------------------------------------------------
Test:  tests/test_google_maps.py::TestCreatePlace::test_create_new_place (call)
Time:  2024-02-29 17:07:59.319552
Request method:  DELETE
Request URL:  https://rahulshettyacademy.com/maps/api/place/delete/json?key=qaclick123

Response code:  200
Response text:  {
    "status": "OK"
}
Response headers:  {'Date': 'Thu, 29 Feb 2024 12:07:58 GMT', 'Server': 'Apache/2.4.52 (Ubuntu)', 'Access-Control-Allow-Origin': '*', 'Access-Control-Allow-Methods': 'POST', 'Access-Control-Max-Age': '3600', 'Access-Control-Allow-Headers': 'Content-Type, Access-Control-Allow-Headers, Authorization, X-Requested-With', 'Content-Length': '15', 'Keep-Alive': 'timeout=5, max=100', 'Connection': 'Keep-Alive', 'Content-Type': 'application/json;charset=UTF-8'}
Response cookies:  {}
--------------------------------------------------------------------------------------------
